<?xml version="1.0" encoding="UTF-8" ?>
<testsuite errors="0" failures="0" hostname="powo" name="MainTest" tests="1" time="0.653" timestamp="2012-03-08T13:29:56">
  <properties>
    <property name="libs.jsp-compiler.javadoc" value="" />
    <property name="netbeans.autoupdate.country" value="US" />
    <property name="profiler.settings.sort.results.by.thread.cpu.time" value="false" />
    <property name="profiler.info.single.file" value="/home/edemairy/Documents/Personnel/UVa/WhatGoesUp/test/MainTest.java" />
    <property name="javac.test.classpath" value=":build/classes:/home/edemairy/netbeans-7.1/platform/modules/ext/junit-4.10.jar" />
    <property name="libs.jsf20.maven-pom" value="" />
    <property name="libs.DataBindingME.src" value="/home/edemairy/netbeans-7.1/mobility/sources/netbeans_databindingme-src.zip" />
    <property name="libs.j2me_ant_ext.javadoc" value="" />
    <property name="profiler.settings.profiling.type" value="8" />
    <property name="libs.junit.javadoc" value="/home/edemairy/netbeans-7.1/java/docs/junit-3.8.2-api.zip" />
    <property name="profiler.settings.cpu.quick.filterprofiler.simple.filter.value" value="" />
    <property name="javac.includes" value="MainTest.java" />
    <property name="libs.nokiaS80-ant-utils.javadoc" value="" />
    <property name="ant.core.lib" value="/home/edemairy/netbeans-7.1/java/ant/lib/ant.jar" />
    <property name="libs.jakarta_slide_ant_webdav.javadoc" value="" />
    <property name="javadoc.windowtitle" value="" />
    <property name="libs.toplink.classpath" value="/home/edemairy/netbeans-7.1/java/modules/ext/toplink/toplink-essentials.jar:/home/edemairy/netbeans-7.1/java/modules/ext/toplink/toplink-essentials-agent.jar" />
    <property name="libs.jsp-compilation.javadoc" value="" />
    <property name="platforms.JDK_1.7-i686.home" value="/usr/lib/jvm/java-1.7.0-openjdk-1.7.0.3" />
    <property name="user.dir" value="/home/edemairy/Documents/Personnel/UVa/WhatGoesUp" />
    <property name="libs.hibernate-persistence.javadoc" value="" />
    <property name="libs.JMUnit4CLDC10.javadoc" value="/home/edemairy/netbeans-7.1/mobility/modules/docs/jmunit-1.2.1-api.zip" />
    <property name="java.vm.version" value="21.0-b17" />
    <property name="libs.DataBindingME.classpath" value="/home/edemairy/netbeans-7.1/mobility/modules/ext/netbeans_databindingme.jar" />
    <property name="libs.jstl11.maven-pom" value="" />
    <property name="libs.JAX-WS-ENDORSED.classpath" value="/home/edemairy/netbeans-7.1/java/modules/ext/jaxws22/api/jaxws-api.jar:/home/edemairy/netbeans-7.1/ide/modules/ext/jaxb/api/jaxb-api.jar" />
    <property name="profiler.settings.sampling.interval" value="10" />
    <property name="libs.Java-EE-GlassFish-v3.wsimport" value="" />
    <property name="profiler.session.port.no" value="5140" />
    <property name="libs.MySQLDriver.classpath" value="/home/edemairy/netbeans-7.1/ide/modules/ext/mysql-connector-java-5.1.13-bin.jar" />
    <property name="libs.eclipselinkmodelgen.src" value="" />
    <property name="libs.jstl11.src" value="" />
    <property name="javadoc.notree" value="false" />
    <property name="platforms.JDK_1.7.javafx.runtime.home" value="/user/edemairy/home/Documents/javafx-sdk2.1.0-beta/rt" />
    <property name="netbeans.autoupdate.version" value="1.23" />
    <property name="libs.EclipseLink-GlassFish-v3.classpath" value="/home/edemairy/glassfish-3.1.1/glassfish/modules/org.eclipse.persistence.antlr.jar:/home/edemairy/glassfish-3.1.1/glassfish/modules/org.eclipse.persistence.asm.jar:/home/edemairy/glassfish-3.1.1/glassfish/modules/org.eclipse.persistence.jpa.jar:/home/edemairy/glassfish-3.1.1/glassfish/modules/org.eclipse.persistence.core.jar:/home/edemairy/glassfish-3.1.1/glassfish/modules/org.eclipse.persistence.jpa.modelgen.jar:/home/edemairy/glassfish-3.1.1/glassfish/modules/org.eclipse.persistence.oracle.jar:/home/edemairy/glassfish-3.1.1/glassfish/modules/javax.persistence.jar" />
    <property name="libs.javaee-web-api-6.0.classpath" value="/home/edemairy/netbeans-7.1/enterprise/modules/ext/javaee-web-api-6.0.jar" />
    <property name="libs.DataBindingME-PIM.maven-pom" value="" />
    <property name="libs.hibernate-support.maven-pom" value="" />
    <property name="libs.hibernate-support.javadoc" value="" />
    <property name="libs.NetBeans MIDP Components.maven-pom" value="" />
    <property name="jdk.home" value="/usr/lib/jvm/java" />
    <property name="libs.javac-api.src" value="" />
    <property name="javadoc.noindex" value="false" />
    <property name="sun.os.patch.level" value="unknown" />
    <property name="do.archive+manifest.available" value="true" />
    <property name="profiler.info.oomeprotection" value="yes" />
    <property name="java.vm.specification.name" value="Java Virtual Machine Specification" />
    <property name="libs.semc-ant-utils.classpath" value="/home/edemairy/netbeans-7.1/mobility/modules/ext/org-netbeans-modules-j2me-cdc-project-semc.jar" />
    <property name="nb.show.statistics.ui" value="usageStatisticsEnabled" />
    <property name="libs.nokiadeployment.classpath" value="/home/edemairy/netbeans-7.1/mobility/modules/org-netbeans-modules-mobility-deployment-nokia.jar" />
    <property name="netbeans.autoupdate.variant" value="" />
    <property name="platforms.JDK_1.7.home" value="/usr/lib/jvm/jdk1.7.0" />
    <property name="have.tests" value="true" />
    <property name="libs.nokiaS80-ant-utils.maven-pom" value="" />
    <property name="org.xml.sax.driver" value="com.sun.org.apache.xerces.internal.jaxp.SAXParserImpl$JAXPSAXParser" />
    <property name="libs.nb_svg_midp_components.src" value="/home/edemairy/netbeans-7.1/mobility/sources/nb_svg_midp_components-src.zip" />
    <property name="libs.NetBeans MIDP Components WMA.src" value="/home/edemairy/netbeans-7.1/mobility/sources/netbeans_midp_components_wma-src.zip" />
    <property name="libs.javac-api.javadoc" value="" />
    <property name="os.name" value="Linux" />
    <property name="libs.beans-binding.classpath" value="/home/edemairy/netbeans-7.1/java/modules/ext/beansbinding-1.2.1.jar" />
    <property name="ap.proc.none.internal" value="" />
    <property name="libs.DataBindingME-SVG.javadoc" value="/home/edemairy/netbeans-7.1/mobility/modules/docs/netbeans_databindingme_svg-api.zip" />
    <property name="libs.restapi.javadoc" value="/home/edemairy/netbeans-7.1/enterprise/docs/jsr311-api-1.1.1-javadoc.zip" />
    <property name="libs.JWSAntTasks.maven-pom" value="" />
    <property name="libs.ojec-ant-utils.src" value="" />
    <property name="libs.spring-webmvc3.0.src" value="" />
    <property name="libs.restapi.classpath" value="/home/edemairy/netbeans-7.1/enterprise/modules/ext/rest/jsr311-api-1.1.1.jar" />
    <property name="profiler.info.javaPlatform" value="default_platform" />
    <property name="profiler.settings.profilingpoints.enabled" value="true" />
    <property name="java.vendor.url.bug" value="http://bugreport.sun.com/bugreport/" />
    <property name="profiler.settings.instr.scheme" value="3" />
    <property name="libs.jaxb.maven-pom" value="" />
    <property name="profiler.info.project.dir" value="/home/edemairy/Documents/Personnel/UVa/WhatGoesUp" />
    <property name="os.arch" value="amd64" />
    <property name="libs.eclipselink.src" value="" />
    <property name="user.name" value="edemairy" />
    <property name="libs.jsf12.javadoc" value="/home/edemairy/netbeans-7.1/enterprise/docs/javaee6-doc-api.zip" />
    <property name="libs.Comet-GlassFish-v3.javadoc" value="" />
    <property name="copylibs.rebase" value="true" />
    <property name="manifest.available+main.class" value="true" />
    <property name="libs.spring-webmvc3.0.maven-pom" value="" />
    <property name="libs.swing-layout.maven-pom" value="" />
    <property name="sun.java.command" value="org.apache.tools.ant.taskdefs.optional.junit.JUnitTestRunner MainTest filtertrace=true haltOnError=false haltOnFailure=false showoutput=true outputtoformatters=true logfailedtests=true logtestlistenerevents=true formatter=org.apache.tools.ant.taskdefs.optional.junit.BriefJUnitResultFormatter formatter=org.apache.tools.ant.taskdefs.optional.junit.XMLJUnitResultFormatter,/home/edemairy/Documents/Personnel/UVa/WhatGoesUp/TEST-MainTest.xml crashfile=/home/edemairy/Documents/Personnel/UVa/WhatGoesUp/junitvmwatcher5179269373755669172.properties propsfile=/home/edemairy/Documents/Personnel/UVa/WhatGoesUp/junit3291724442915141422.properties" />
    <property name="build.classes.dir" value="build/classes" />
    <property name="netbeans.accept_license_class" value="org.netbeans.license.AcceptLicense" />
    <property name="libs.Java-EE-GlassFish-v3.wsjwsdp" value="" />
    <property name="build.sysclasspath" value="ignore" />
    <property name="ap.supported.internal" value="true" />
    <property name="libs.jaxws21.javadoc" value="/home/edemairy/netbeans-7.1/java/docs/jaxws-api-doc.zip" />
    <property name="includes" value="**" />
    <property name="libs.ojec-ant-utils.maven-pom" value="" />
    <property name="user.country" value="US" />
    <property name="platforms.JDK_1.7-i686.bootclasspath" value="/usr/lib/jvm/java-1.7.0-openjdk-1.7.0.3/jre/lib/resources.jar:/usr/lib/jvm/java-1.7.0-openjdk-1.7.0.3/jre/lib/rt.jar:/usr/lib/jvm/java-1.7.0-openjdk-1.7.0.3/jre/lib/sunrsasign.jar:/usr/lib/jvm/java-1.7.0-openjdk-1.7.0.3/jre/lib/jsse.jar:/usr/lib/jvm/java-1.7.0-openjdk-1.7.0.3/jre/lib/jce.jar:/usr/lib/jvm/java-1.7.0-openjdk-1.7.0.3/jre/lib/charsets.jar:/usr/lib/jvm/java-1.7.0-openjdk-1.7.0.3/jre/lib/netx.jar:/usr/lib/jvm/java-1.7.0-openjdk-1.7.0.3/jre/lib/plugin.jar:/usr/lib/jvm/java-1.7.0-openjdk-1.7.0.3/jre/lib/rhino.jar:/usr/lib/jvm/java-1.7.0-openjdk-1.7.0.3/jre/classes:/usr/lib/jvm/java-1.7.0-openjdk-1.7.0.3/jre/lib/ext/sunec.jar:/usr/lib/jvm/java-1.7.0-openjdk-1.7.0.3/jre/lib/ext/pulse-java.jar:/usr/lib/jvm/java-1.7.0-openjdk-1.7.0.3/jre/lib/ext/zipfs.jar:/usr/lib/jvm/java-1.7.0-openjdk-1.7.0.3/jre/lib/ext/dnsns.jar:/usr/lib/jvm/java-1.7.0-openjdk-1.7.0.3/jre/lib/ext/sunjce_provider.jar:/usr/lib/jvm/java-1.7.0-openjdk-1.7.0.3/jre/lib/ext/gnome-java-bridge.jar:/usr/lib/jvm/java-1.7.0-openjdk-1.7.0.3/jre/lib/ext/sunpkcs11.jar:/usr/lib/jvm/java-1.7.0-openjdk-1.7.0.3/jre/lib/ext/localedata.jar" />
    <property name="platforms.JDK_1.7.javafx.sdk.home" value="/user/edemairy/home/Documents/javafx-sdk2.1.0-beta" />
    <property name="manifest.file" value="manifest.mf" />
    <property name="libs.jstl11.javadoc" value="/home/edemairy/netbeans-7.1/enterprise/docs/javaee6-doc-api.zip" />
    <property name="libs.JMUnit4CLDC11.src" value="" />
    <property name="javadoc.encoding" value="UTF-8" />
    <property name="javac.classpath" value="" />
    <property name="platforms.JDK_1.7-i686.compiler" value="modern" />
    <property name="libs.jsp-compilation-syscp.src" value="" />
    <property name="debug-transport" value="dt_socket" />
    <property name="netbeans.home" value="/home/edemairy/netbeans-7.1/platform" />
    <property name="build.compiler.emacs" value="true" />
    <property name="libs.javaee-web-api-6.0.src" value="" />
    <property name="libs.ejb3-persistence.src" value="" />
    <property name="libs.Java-EE-GlassFish-v3.javadoc" value="/home/edemairy/netbeans-7.1/enterprise/docs/javaee6-doc-api.zip" />
    <property name="libs.jsp-compilation-syscp.classpath" value="/home/edemairy/netbeans-7.1/java/ant/lib/ant.jar:/home/edemairy/netbeans-7.1/enterprise/modules/ext/servlet3.0-jsp2.2-api.jar:/home/edemairy/netbeans-7.1/enterprise/modules/ext/glassfish-jspparser-3.0.jar:/home/edemairy/netbeans-7.1/enterprise/modules/ext/standard.jar:/home/edemairy/netbeans-7.1/enterprise/modules/ext/jsf-2_1/jsf-impl.jar" />
    <property name="libs.nokiaS80-ant-utils.src" value="" />
    <property name="libs.cdc-pp-awt-layout.javadoc" value="" />
    <property name="libs.j2me_ant_ext.classpath" value="/home/edemairy/netbeans-7.1/mobility/modules/org-netbeans-modules-mobility-antext.jar:/home/edemairy/netbeans-7.1/java/modules/org-netbeans-modules-classfile.jar" />
    <property name="java.endorsed.dirs" value="/usr/lib/jvm/jdk1.7.0/jre/lib/endorsed" />
    <property name="libs.Comet-GlassFish-v3.maven-pom" value="" />
    <property name="libs.groovy-all.src" value="" />
    <property name="netbeans.dynamic.classpath" value="/home/edemairy/netbeans-7.1/platform/core/core.jar:/home/edemairy/netbeans-7.1/platform/core/org-openide-filesystems.jar:/home/edemairy/netbeans-7.1/platform/core/locale/core_ru.jar:/home/edemairy/netbeans-7.1/platform/core/locale/core_zh_CN.jar:/home/edemairy/netbeans-7.1/platform/core/locale/org-openide-filesystems_pt_BR.jar:/home/edemairy/netbeans-7.1/platform/core/locale/org-openide-filesystems_zh_CN.jar:/home/edemairy/netbeans-7.1/platform/core/locale/core_pt_BR.jar:/home/edemairy/netbeans-7.1/platform/core/locale/org-openide-filesystems_ja.jar:/home/edemairy/netbeans-7.1/platform/core/locale/org-openide-filesystems_ru.jar:/home/edemairy/netbeans-7.1/platform/core/locale/core_ja.jar:/home/edemairy/netbeans-7.1/nb/core/org-netbeans-upgrader.jar:/home/edemairy/netbeans-7.1/nb/core/locale/core_nb_ru.jar:/home/edemairy/netbeans-7.1/nb/core/locale/core_nb_ja.jar:/home/edemairy/netbeans-7.1/nb/core/locale/core_nb_pt_BR.jar:/home/edemairy/netbeans-7.1/nb/core/locale/core_nb.jar:/home/edemairy/netbeans-7.1/nb/core/locale/org-netbeans-upgrader_zh_CN.jar:/home/edemairy/netbeans-7.1/nb/core/locale/org-netbeans-upgrader_ru.jar:/home/edemairy/netbeans-7.1/nb/core/locale/core_nb_zh_CN.jar:/home/edemairy/netbeans-7.1/nb/core/locale/org-netbeans-upgrader_ja.jar:/home/edemairy/netbeans-7.1/nb/core/locale/org-netbeans-upgrader_pt_BR.jar" />
    <property name="libs.cdc-agui-swing-layout.maven-pom" value="" />
    <property name="profiler.settings.instrumentation.filter.selectedprofiler.simple.filter.type" value="0" />
    <property name="libs.cdc-pp-awt-layout.src" value="/home/edemairy/netbeans-7.1/mobility/sources/cdc-pp-awt-layout-src.zip" />
    <property name="java.vm.specification.version" value="1.7" />
    <property name="libs.jakarta_slide_ant_webdav.src" value="" />
    <property name="libs.primefaces.classpath" value="/home/edemairy/netbeans-7.1/enterprise/modules/ext/primefaces/primefaces-2.2.1.jar" />
    <property name="libs.javaee-api-6.0.classpath" value="/home/edemairy/netbeans-7.1/enterprise/modules/ext/javaee-api-6.0.jar" />
    <property name="libs.sjmc-ant-utils.maven-pom" value="" />
    <property name="libs.groovy-all.maven-pom" value="" />
    <property name="libs.JMUnit4CLDC10.maven-pom" value="" />
    <property name="netbeans.productversion" value="NetBeans IDE 7.1 (Build 201112071828)" />
    <property name="platforms.JDK_1.6.home" value="/usr/lib/jvm/java-1.6.0" />
    <property name="libs.hibernate-persistence.classpath" value="/home/edemairy/netbeans-7.1/java/modules/ext/hibernate/antlr-2.7.6.jar:/home/edemairy/netbeans-7.1/java/modules/ext/hibernate/asm.jar:/home/edemairy/netbeans-7.1/java/modules/ext/hibernate/asm-attrs.jar:/home/edemairy/netbeans-7.1/java/modules/ext/hibernate/cglib-2.1.3.jar:/home/edemairy/netbeans-7.1/java/modules/ext/hibernate/commons-collections-2.1.1.jar:/home/edemairy/netbeans-7.1/ide/modules/org-apache-commons-logging.jar:/home/edemairy/netbeans-7.1/java/modules/ext/hibernate/dom4j-1.6.1.jar:/home/edemairy/netbeans-7.1/java/modules/ext/hibernate/ehcache-1.2.3.jar:/home/edemairy/netbeans-7.1/java/modules/ext/hibernate/jdbc2_0-stdext.jar:/home/edemairy/netbeans-7.1/java/modules/ext/hibernate/jta.jar:/home/edemairy/netbeans-7.1/java/modules/ext/hibernate/hibernate3.jar:/home/edemairy/netbeans-7.1/java/modules/ext/hibernate/hibernate-tools.jar:/home/edemairy/netbeans-7.1/java/modules/ext/hibernate/hibernate-annotations.jar:/home/edemairy/netbeans-7.1/java/modules/ext/hibernate/hibernate-commons-annotations.jar:/home/edemairy/netbeans-7.1/java/modules/ext/hibernate/hibernate-entitymanager.jar:/home/edemairy/netbeans-7.1/java/modules/ext/hibernate/javassist.jar:/home/edemairy/netbeans-7.1/java/modules/ext/hibernate/ejb3-persistence.jar" />
    <property name="libs.jaxws21.src" value="" />
    <property name="do.archive" value="true" />
    <property name="netbeans.autoupdate.language" value="en" />
    <property name="libs.jakarta_slide_ant_webdav.classpath" value="/home/edemairy/netbeans-7.1/mobility/modules/ext/commons-httpclient-3.0.1.jar:/home/edemairy/netbeans-7.1/ide/modules/org-apache-commons-logging.jar:/home/edemairy/netbeans-7.1/mobility/modules/ext/jdom-1.0.jar:/home/edemairy/netbeans-7.1/mobility/modules/ext/jakarta-slide-webdavlib-2.1.jar:/home/edemairy/netbeans-7.1/mobility/modules/ext/jakarta-slide-ant-webdav-2.1.jar" />
    <property name="profiler.settings.override.jvm.args" value="" />
    <property name="java.vendor" value="Oracle Corporation" />
    <property name="platforms.JDK_1.6.compiler" value="modern" />
    <property name="libs.JMUnit4CLDC10.src" value="" />
    <property name="libs.javaee-api-6.0.javadoc" value="/home/edemairy/netbeans-7.1/enterprise/docs/javaee6-doc-api.zip" />
    <property name="jar.index.metainf" value="false" />
    <property name="javac.debug" value="true" />
    <property name="javadoc.splitindex" value="true" />
    <property name="file.separator" value="/" />
    <property name="javac.includesfile.binary" value="/home/edemairy/Documents/Personnel/UVa/WhatGoesUp/null2098966881" />
    <property name="libs.restlib_gfv3ee6.classpath" value="/home/edemairy/glassfish-3.1.1/glassfish/modules/jackson-core-asl.jar:/home/edemairy/glassfish-3.1.1/glassfish/modules/jackson-jaxrs.jar:/home/edemairy/glassfish-3.1.1/glassfish/modules/jackson-mapper-asl.jar:/home/edemairy/glassfish-3.1.1/glassfish/modules/jersey-client.jar:/home/edemairy/glassfish-3.1.1/glassfish/modules/jersey-core.jar:/home/edemairy/glassfish-3.1.1/glassfish/modules/jersey-gf-server.jar:/home/edemairy/glassfish-3.1.1/glassfish/modules/jersey-json.jar:/home/edemairy/glassfish-3.1.1/glassfish/modules/jersey-multipart.jar:/home/edemairy/glassfish-3.1.1/glassfish/modules/jettison.jar:/home/edemairy/glassfish-3.1.1/glassfish/modules/mimepull.jar" />
    <property name="libs.junit_4.maven-pom" value="" />
    <property name="mkdist.disabled" value="false" />
    <property name="javac.test.processorpath" value=":build/classes:/home/edemairy/netbeans-7.1/platform/modules/ext/junit-4.10.jar" />
    <property name="netbeans.buildnumber" value="201112071828" />
    <property name="libs.JWSAntTasks.javadoc" value="" />
    <property name="build.generated.sources.dir" value="build/generated-sources" />
    <property name="libs.eclipselinkmodelgen.classpath" value="/home/edemairy/netbeans-7.1/java/modules/ext/eclipselink/eclipselink-jpa-modelgen-2.3.0.jar" />
    <property name="libs.Java-EE-GlassFish-v3.wscompile" value="" />
    <property name="platforms.JDK_1.7.javafx.javadoc" value="/user/edemairy/home/Documents/android-sdk-linux/docs" />
    <property name="sun.java.launcher" value="SUN_STANDARD" />
    <property name="libs.junit.classpath" value="/home/edemairy/netbeans-7.1/java/modules/ext/junit-3.8.2.jar" />
    <property name="profiler.settings.obj.alloc.stack.sampling.interval" value="10" />
    <property name="libs.jaxb.javadoc" value="/home/edemairy/netbeans-7.1/ide/docs/jaxb-api-doc.zip" />
    <property name="libs.struts.classpath" value="/home/edemairy/netbeans-7.1/enterprise/modules/ext/struts/antlr-2.7.2.jar:/home/edemairy/netbeans-7.1/enterprise/modules/ext/struts/bsf-2.3.0.jar:/home/edemairy/netbeans-7.1/enterprise/modules/ext/struts/commons-beanutils-1.8.0.jar:/home/edemairy/netbeans-7.1/enterprise/modules/ext/struts/commons-chain-1.2.jar:/home/edemairy/netbeans-7.1/enterprise/modules/ext/struts/commons-digester-1.8.jar:/home/edemairy/netbeans-7.1/enterprise/modules/ext/struts/commons-fileupload-1.1.1.jar:/home/edemairy/netbeans-7.1/enterprise/modules/ext/struts/commons-io-1.1.jar:/home/edemairy/netbeans-7.1/enterprise/modules/ext/struts/commons-logging-1.0.4.jar:/home/edemairy/netbeans-7.1/enterprise/modules/ext/struts/commons-validator-1.3.1.jar:/home/edemairy/netbeans-7.1/enterprise/modules/ext/struts/jstl-1.0.2.jar:/home/edemairy/netbeans-7.1/enterprise/modules/ext/struts/oro-2.0.8.jar:/home/edemairy/netbeans-7.1/enterprise/modules/ext/struts/standard-1.0.6.jar:/home/edemairy/netbeans-7.1/enterprise/modules/ext/struts/struts-core-1.3.10.jar:/home/edemairy/netbeans-7.1/enterprise/modules/ext/struts/struts-el-1.3.10.jar:/home/edemairy/netbeans-7.1/enterprise/modules/ext/struts/struts-extras-1.3.10.jar:/home/edemairy/netbeans-7.1/enterprise/modules/ext/struts/struts-faces-1.3.10.jar:/home/edemairy/netbeans-7.1/enterprise/modules/ext/struts/struts-mailreader-dao-1.3.10.jar:/home/edemairy/netbeans-7.1/enterprise/modules/ext/struts/struts-scripting-1.3.10.jar:/home/edemairy/netbeans-7.1/enterprise/modules/ext/struts/struts-taglib-1.3.10.jar:/home/edemairy/netbeans-7.1/enterprise/modules/ext/struts/struts-tiles-1.3.10.jar" />
    <property name="profiler.settings.cpu.quick.filterprofiler.filter.type" value="profiler.simple.filter" />
    <property name="org.openide.awt.SwingBrowserImpl.do-not-block-awt" value="false" />
    <property name="javac.includes.binary" value="/home/edemairy/Documents/Personnel/UVa/WhatGoesUp/build/test/classes/MainTest.class" />
    <property name="ant.home" value="/home/edemairy/netbeans-7.1/java/ant" />
    <property name="libs.junit_4.src" value="/home/edemairy/netbeans-7.1/java/docs/junit-4.10-sources.jar" />
    <property name="libs.absolutelayout.maven-pom" value="" />
    <property name="ant.java.version" value="1.7" />
    <property name="java.library.path" value="/user/edemairy/home/AMD-APP-SDK-v2.4-lnx64/lib/x86_64:/user/edemairy/home/AMD-APP-SDK-v2.4-lnx64/lib/x86_64::/user/edemairy/home/Documents/dtk-clone-segviz//build/lib:/usr/lib/jvm/java/jre/lib/amd64/xawt:/user/edemairy/home/Documents/xyz-plugins/build:/user/edemairy/home/Documents/xyz-plugins/build/lib:/user/edemairy/home/Documents/xyz-plugins/build/plugins:/usr/java/packages/lib/amd64:/usr/lib64:/lib64:/lib:/usr/lib" />
    <property name="javadoc.author" value="false" />
    <property name="libs.metro.maven-pom" value="" />
    <property name="profiler.settings.run.gc.on.get.results.in.memory.profiling" value="true" />
    <property name="manifest.available+main.class-mkdist.available" value="true" />
    <property name="libs.EclipseLink-GlassFish-v3.src" value="" />
    <property name="java.util.logging.config.class" value="org.netbeans.core.startup.TopLogging" />
    <property name="profiler.settings.instrumentation.filter.selectedprofiler.simple.filter.value" value="" />
    <property name="libs.PostgreSQLDriver.src" value="" />
    <property name="profiler.settings.cpu.sampling.frequency" value="10" />
    <property name="sun.arch.data.model" value="64" />
    <property name="profiler.session.jvm.args" value="" />
    <property name="basedir" value="/home/edemairy/Documents/Personnel/UVa/WhatGoesUp" />
    <property name="jar.compress" value="false" />
    <property name="libs.NetBeans MIDP Components PDA.src" value="/home/edemairy/netbeans-7.1/mobility/sources/netbeans_midp_components_pda-src.zip" />
    <property name="libs.jstl11.classpath" value="/home/edemairy/netbeans-7.1/enterprise/modules/ext/standard.jar:/home/edemairy/netbeans-7.1/enterprise/modules/ext/jstl.jar" />
    <property name="path.separator" value=":" />
    <property name="libs.javaee-web-api-6.0.javadoc" value="/home/edemairy/netbeans-7.1/enterprise/docs/javaee6-doc-api.zip" />
    <property name="ant.junit.enabletestlistenerevents" value="true" />
    <property name="sun.io.unicode.encoding" value="UnicodeLittle" />
    <property name="libs.semc-ant-utils.javadoc" value="" />
    <property name="libs.jaxws21.classpath" value="/home/edemairy/netbeans-7.1/ide/modules/ext/jaxb/jaxb-impl.jar:/home/edemairy/netbeans-7.1/ide/modules/ext/jaxb/jaxb-xjc.jar:/home/edemairy/netbeans-7.1/java/modules/ext/jaxws22/FastInfoset.jar:/home/edemairy/netbeans-7.1/java/modules/ext/jaxws22/gmbal-api-only.jar:/home/edemairy/netbeans-7.1/java/modules/ext/jaxws22/http.jar:/home/edemairy/netbeans-7.1/java/modules/ext/jaxws22/jaxws-rt.jar:/home/edemairy/netbeans-7.1/java/modules/ext/jaxws22/jaxws-tools.jar:/home/edemairy/netbeans-7.1/java/modules/ext/jaxws22/management-api.jar:/home/edemairy/netbeans-7.1/java/modules/ext/jaxws22/mimepull.jar:/home/edemairy/netbeans-7.1/java/modules/ext/jaxws22/policy.jar:/home/edemairy/netbeans-7.1/java/modules/ext/jaxws22/saaj-impl.jar:/home/edemairy/netbeans-7.1/java/modules/ext/jaxws22/stax-ex.jar:/home/edemairy/netbeans-7.1/java/modules/ext/jaxws22/streambuffer.jar:/home/edemairy/netbeans-7.1/java/modules/ext/jaxws22/woodstox.jar:/home/edemairy/netbeans-7.1/java/modules/ext/jaxws22/api/jaxws-api.jar:/home/edemairy/netbeans-7.1/java/modules/ext/jaxws22/api/jsr181-api.jar:/home/edemairy/netbeans-7.1/java/modules/ext/jaxws22/api/jsr250-api.jar:/home/edemairy/netbeans-7.1/java/modules/ext/jaxws22/api/saaj-api.jar:/home/edemairy/netbeans-7.1/ide/modules/ext/jaxb/activation.jar:/home/edemairy/netbeans-7.1/ide/modules/ext/jaxb/api/jaxb-api.jar:/home/edemairy/netbeans-7.1/ide/modules/ext/jaxb/api/jsr173_api.jar" />
    <property name="libs.struts.src" value="" />
    <property name="compile.on.save" value="true" />
    <property name="apple.awt.graphics.UseQuartz" value="true" />
    <property name="user.language" value="en" />
    <property name="libs.JAXB-ENDORSED.maven-pom" value="" />
    <property name="libs.spring-framework.classpath" value="/home/edemairy/netbeans-7.1/ide/modules/org-apache-commons-logging.jar:/home/edemairy/netbeans-7.1/java/modules/ext/cglib-2.2.jar:/home/edemairy/netbeans-7.1/java/modules/ext/spring/spring-2.5.6.SEC01.jar" />
    <property name="profiler.settings.instrumentation.filter.selectedprofiler.filter.type" value="profiler.simple.filter" />
    <property name="libs.eclipselink.maven-pom" value="" />
    <property name="profiler.info.oomeprotection.dumppath" value="/home/edemairy/Documents/Personnel/UVa/WhatGoesUp/nbproject/private/profiler" />
    <property name="profiler.settings.thread.cpu.timer.on" value="false" />
    <property name="manifest.available" value="true" />
    <property name="libs.primefaces.javadoc" value="" />
    <property name="libs.spring-framework300.maven-pom" value="" />
    <property name="run.test.classpath" value=":build/classes:/home/edemairy/netbeans-7.1/platform/modules/ext/junit-4.10.jar:build/test/classes" />
    <property name="ant.project.invoked-targets" value="profile-test-single" />
    <property name="libs.swing-layout.javadoc" value="/home/edemairy/netbeans-7.1/platform/docs/swing-layout-1.0.4-doc.zip" />
    <property name="libs.ejb3-persistence.maven-pom" value="" />
    <property name="libs.DataBindingME-SVG.classpath" value="/home/edemairy/netbeans-7.1/mobility/modules/ext/netbeans_databindingme_svg.jar" />
    <property name="libs.PostgreSQLDriver.maven-pom" value="" />
    <property name="java.class.version" value="51.0" />
    <property name="libs.javaee-endorsed-api-6.0.src" value="" />
    <property name="libs.cdc-ant-utils.classpath" value="/home/edemairy/netbeans-7.1/mobility/modules/ext/org-netbeans-modules-j2me-cdc-project.jar" />
    <property name="profiler.settings.instrumentation.root.methods.size" value="1" />
    <property name="libs.eclipselink.javadoc" value="" />
    <property name="libs.NetBeans MIDP Components WMA.maven-pom" value="" />
    <property name="libs.jsp-compilation.maven-pom" value="" />
    <property name="user.properties.file" value="/user/edemairy/home/.netbeans/7.1/build.properties" />
    <property name="profiler.settings.instrumentation.marker.methods.size" value="0" />
    <property name="runtime.encoding" value="UTF-8" />
    <property name="profiler.settings.istrumentation.root.methods-0" value="MainTest,&lt;all&gt;," />
    <property name="libs.spring-framework.src" value="" />
    <property name="libs.javac-api.maven-pom" value="" />
    <property name="file.encoding.pkg" value="sun.io" />
    <property name="sun.cpu.endian" value="little" />
    <property name="libs.JAXB-ENDORSED.javadoc" value="" />
    <property name="libs.JWSAntTasks.classpath" value="/home/edemairy/netbeans-7.1/java/ant/extra/org-netbeans-modules-javawebstart-anttasks.jar" />
    <property name="libs.spring-framework300.src" value="" />
    <property name="nbplatform.Gephi_0.8_beta_-_/opt.harness.dir" value="/home/edemairy/netbeans-7.1/harness" />
    <property name="libs.ant-contrib.classpath" value="/home/edemairy/netbeans-7.1/mobility/modules/ext/ant-contrib-1.0b3.jar" />
    <property name="platforms.JDK_1.7-i686.javafx.runtime.home" value="/user/edemairy/home/Documents/javafx-sdk2.1.0-beta/rt" />
    <property name="empty.dir" value="/home/edemairy/Documents/Personnel/UVa/WhatGoesUp/build/empty" />
    <property name="version-output" value="java version &quot;1.7" />
    <property name="javadoc.preview" value="true" />
    <property name="nbplatform.default.harness.dir" value="/home/edemairy/netbeans-7.1/harness" />
    <property name="java.home" value="/usr/lib/jvm/jdk1.7.0/jre" />
    <property name="libs.ojec-ant-utils.javadoc" value="" />
    <property name="libs.jsp-compilation.src" value="" />
    <property name="libs.spring-webmvc.src" value="" />
    <property name="libs.ant-contrib.javadoc" value="" />
    <property name="debug.test.classpath" value=":build/classes:/home/edemairy/netbeans-7.1/platform/modules/ext/junit-4.10.jar:build/test/classes" />
    <property name="libs.javaee-endorsed-api-6.0.classpath" value="/home/edemairy/netbeans-7.1/enterprise/modules/ext/javaee6-endorsed/javax.annotation.jar:/home/edemairy/netbeans-7.1/enterprise/modules/ext/javaee6-endorsed/jaxb-api-osgi.jar:/home/edemairy/netbeans-7.1/enterprise/modules/ext/javaee6-endorsed/webservices-api-osgi.jar" />
    <property name="libs.javaee-api-6.0.src" value="" />
    <property name="netbeans.importclass" value="org.netbeans.upgrade.AutoUpgrade" />
    <property name="ant.project.default-target" value="default" />
    <property name="annotation.processing.run.all.processors" value="true" />
    <property name="libs.savaje-ant-utils.classpath" value="/home/edemairy/netbeans-7.1/mobility/modules/ext/org-netbeans-modules-j2me-cdc-project-savaje.jar" />
    <property name="libs.toplink.maven-pom" value="" />
    <property name="libs.DataBindingME.maven-pom" value="" />
    <property name="libs.PostgreSQLDriver.javadoc" value="" />
    <property name="libs.restlib.classpath" value="/home/edemairy/netbeans-7.1/enterprise/modules/ext/rest/asm-3.1.jar:/home/edemairy/netbeans-7.1/enterprise/modules/ext/rest/jackson-core-asl-1.7.1.jar:/home/edemairy/netbeans-7.1/enterprise/modules/ext/rest/jackson-jaxrs-1.7.1.jar:/home/edemairy/netbeans-7.1/enterprise/modules/ext/rest/jackson-mapper-asl-1.7.1.jar:/home/edemairy/netbeans-7.1/enterprise/modules/ext/rest/jackson-xc-1.7.1.jar:/home/edemairy/netbeans-7.1/enterprise/modules/ext/rest/jersey-apache-client-1.8.jar:/home/edemairy/netbeans-7.1/enterprise/modules/ext/rest/jersey-atom-abdera-1.8.jar:/home/edemairy/netbeans-7.1/enterprise/modules/ext/rest/jersey-client-1.8.jar:/home/edemairy/netbeans-7.1/enterprise/modules/ext/rest/jersey-core-1.8.jar:/home/edemairy/netbeans-7.1/enterprise/modules/ext/rest/jersey-guice-1.8.jar:/home/edemairy/netbeans-7.1/enterprise/modules/ext/rest/jersey-json-1.8.jar:/home/edemairy/netbeans-7.1/enterprise/modules/ext/rest/jersey-multipart-1.8.jar:/home/edemairy/netbeans-7.1/enterprise/modules/ext/rest/jersey-server-1.8.jar:/home/edemairy/netbeans-7.1/enterprise/modules/ext/rest/jersey-simple-server-1.8.jar:/home/edemairy/netbeans-7.1/enterprise/modules/ext/rest/jersey-spring-1.8.jar:/home/edemairy/netbeans-7.1/enterprise/modules/ext/rest/jettison-1.1.jar:/home/edemairy/netbeans-7.1/enterprise/modules/ext/rest/oauth-client-1.8.jar:/home/edemairy/netbeans-7.1/enterprise/modules/ext/rest/oauth-server-1.8.jar:/home/edemairy/netbeans-7.1/enterprise/modules/ext/rest/oauth-signature-1.8.jar:/home/edemairy/netbeans-7.1/ide/modules/ext/jaxb/activation.jar:/home/edemairy/netbeans-7.1/ide/modules/ext/jaxb/api/jaxb-api.jar:/home/edemairy/netbeans-7.1/ide/modules/ext/jaxb/api/jsr173_api.jar" />
    <property name="libs.JAX-WS-ENDORSED.maven-pom" value="" />
    <property name="libs.JMUnit4CLDC11.javadoc" value="/home/edemairy/netbeans-7.1/mobility/modules/docs/jmunit-1.2.1-api.zip" />
    <property name="profiler.settings.instrumentation.filter.selectedprofiler.simple.filter.name" value="Profile all classes" />
    <property name="libs.MySQLDriver.maven-pom" value="" />
    <property name="libs.JAX-WS-ENDORSED.src" value="" />
    <property name="libs.savaje-ant-utils.src" value="" />
    <property name="libs.junit_4.javadoc" value="/home/edemairy/netbeans-7.1/java/docs/junit-4.10-javadoc.jar" />
    <property name="libs.spring-webmvc.javadoc" value="" />
    <property name="libs.toplink.src" value="" />
    <property name="libs.EclipseLink-GlassFish-v3.maven-pom" value="" />
    <property name="libs.javaee-web-api-6.0.maven-pom" value="" />
    <property name="libs.cdc-pp-awt-layout.classpath" value="/home/edemairy/netbeans-7.1/mobility/modules/ext/cdc-pp-awt-layout.jar" />
    <property name="profiler.settigns.ispreset" value="true" />
    <property name="profile.class" value="MainTest" />
    <property name="ant.file.type.WhatGoesUp" value="file" />
    <property name="libs.cdc-agui-swing-layout.src" value="/home/edemairy/netbeans-7.1/mobility/sources/cdc-agui-swing-layout-src.zip" />
    <property name="run.classpath" value=":build/classes" />
    <property name="libs.hibernate-support.src" value="" />
    <property name="libs.javaee-endorsed-api-6.0.javadoc" value="/home/edemairy/netbeans-7.1/enterprise/docs/javaee6-doc-api.zip" />
    <property name="libs.JMUnit4CLDC11.classpath" value="/home/edemairy/netbeans-7.1/mobility/modules/ext/jmunit4cldc11-1.2.1.jar" />
    <property name="libs.nb_svg_midp_components.classpath" value="/home/edemairy/netbeans-7.1/mobility/modules/ext/nb_svg_midp_components.jar" />
    <property name="profiler.settings.cpu.exclude.wait.time" value="true" />
    <property name="profiler.settings.override" value="false" />
    <property name="libs.spring-webmvc3.0.javadoc" value="" />
    <property name="annotation.processing.enabled.in.editor" value="false" />
    <property name="ant.file.WhatGoesUp-impl" value="/home/edemairy/Documents/Personnel/UVa/WhatGoesUp/nbproject/build-impl.xml" />
    <property name="libs.NetBeans MIDP Components PDA.classpath" value="/home/edemairy/netbeans-7.1/mobility/modules/ext/netbeans_midp_components_pda.jar" />
    <property name="nbplatform.Gephi_0.8_beta_-_/opt.netbeans.dest.dir" value="/opt/gephi-0.8-beta" />
    <property name="libs.semc-ant-utils.maven-pom" value="" />
    <property name="profiler.settings.cpu.quick.filterprofiler.simple.filter.type" value="1" />
    <property name="libs.nokiadeployment.maven-pom" value="" />
    <property name="profiler.session.args" value="" />
    <property name="libs.restapi.src" value="" />
    <property name="libs.NetBeans MIDP Components.javadoc" value="/home/edemairy/netbeans-7.1/mobility/modules/docs/netbeans_midp_components_basic-api.zip" />
    <property name="sun.management.compiler" value="HotSpot 64-Bit Tiered Compilers" />
    <property name="javac.deprecation" value="false" />
    <property name="javadoc.use" value="true" />
    <property name="sun.java2d.noddraw" value="true" />
    <property name="libs.jsp-compiler.classpath" value="/home/edemairy/netbeans-7.1/enterprise/ant/extra/jspcompile.jar" />
    <property name="javac.processorpath" value="" />
    <property name="libs.spring-webmvc.classpath" value="/home/edemairy/netbeans-7.1/enterprise/modules/ext/spring/spring-webmvc-2.5.6.SEC01.jar" />
    <property name="javac.compilerargs" value="" />
    <property name="ant.file" value="/home/edemairy/Documents/Personnel/UVa/WhatGoesUp/build.xml" />
    <property name="libs.beans-binding.maven-pom" value="" />
    <property name="libs.jsf12.classpath" value="/home/edemairy/netbeans-7.1/enterprise/modules/ext/jsf-1_2/commons-beanutils.jar:/home/edemairy/netbeans-7.1/enterprise/modules/ext/jsf-1_2/commons-collections.jar:/home/edemairy/netbeans-7.1/enterprise/modules/ext/jsf-1_2/commons-digester.jar:/home/edemairy/netbeans-7.1/enterprise/modules/ext/jsf-1_2/commons-logging.jar:/home/edemairy/netbeans-7.1/enterprise/modules/ext/jsf-1_2/jsf-api.jar:/home/edemairy/netbeans-7.1/enterprise/modules/ext/jsf-1_2/jsf-impl.jar" />
    <property name="libs.restapi.maven-pom" value="" />
    <property name="libs.beans-binding.src" value="" />
    <property name="libs.NetBeans MIDP Components PDA.javadoc" value="/home/edemairy/netbeans-7.1/mobility/modules/docs/netbeans_midp_components_pda-api.zip" />
    <property name="libs.DataBindingME-PIM.javadoc" value="/home/edemairy/netbeans-7.1/mobility/modules/docs/netbeans_databindingme_pim-api.zip" />
    <property name="java.vm.specification.vendor" value="Oracle Corporation" />
    <property name="libs.Java-EE-GlassFish-v3.embedabbleejb" value="" />
    <property name="libs.swing-layout.src" value="/home/edemairy/netbeans-7.1/platform/docs/swing-layout-1.0.4-src.zip" />
    <property name="org.openide.major.version" value="IDE/1" />
    <property name="libs.j2me_ant_ext.src" value="" />
    <property name="java.vm.name" value="Java HotSpot(TM) 64-Bit Server VM" />
    <property name="netbeans.user" value="/user/edemairy/home/.netbeans/7.1" />
    <property name="javadoc.additionalparam" value="" />
    <property name="profiler.session.java.architecture" value="64" />
    <property name="java.vendor.url" value="http://java.oracle.com/" />
    <property name="java.io.tmpdir" value="/tmp" />
    <property name="endorsed.classpath.cmd.line.arg" value="-Xbootclasspath/p:&apos;/home/edemairy/Documents/Personnel/UVa/WhatGoesUp/${endorsed.classpath}&apos;" />
    <property name="profiler.settings.instrument.spawned.threads" value="false" />
    <property name="libs.jsp-compiler.src" value="" />
    <property name="org.openide.awt.ActionReference.completion" value="org.netbeans.modules.apisupport.project.layers.PathCompletions" />
    <property name="have.sources" value="true" />
    <property name="sun.boot.library.path" value="/usr/lib/jvm/jdk1.7.0/jre/lib/amd64" />
    <property name="debug.classpath" value=":build/classes" />
    <property name="javadoc.private" value="false" />
    <property name="test.src.dir" value="test" />
    <property name="libs.jsf20.classpath" value="/home/edemairy/netbeans-7.1/enterprise/modules/ext/jsf-2_1/jsf-api.jar:/home/edemairy/netbeans-7.1/enterprise/modules/ext/jsf-2_1/jsf-impl.jar" />
    <property name="ap.processors.internal" value="" />
    <property name="meta.inf.dir" value="src/META-INF" />
    <property name="javadoc.encoding.used" value="UTF-8" />
    <property name="libs.DataBindingME-SVG.src" value="/home/edemairy/netbeans-7.1/mobility/sources/netbeans_databindingme_svg-src.zip" />
    <property name="dist.jar" value="dist/WhatGoesUp.jar" />
    <property name="profiler.settings.code.region.cpu.res.buf.size" value="1000" />
    <property name="java.runtime.name" value="Java(TM) SE Runtime Environment" />
    <property name="netbeans.automatic.build" value="true" />
    <property name="profiler.info.jvmargs" value=" -XX:+HeapDumpOnOutOfMemoryError -XX:HeapDumpPath=/home/edemairy/Documents/Personnel/UVa/WhatGoesUp/nbproject/private/profiler " />
    <property name="ant.project.name" value="WhatGoesUp" />
    <property name="ant.file.type.WhatGoesUp-impl" value="file" />
    <property name="netbeans.hash.code" value="unique=NB_CND_GROOVY_JAVA_MOB_PHP_WEBEE0a3b34046-3a19-49b5-9eeb-a3e8311422c9_1f23eeff-0a6b-45e9-909b-0d22368bb968" />
    <property name="libs.jsp-compilation-syscp.maven-pom" value="" />
    <property name="manifest.available-mkdist.available" value="true" />
    <property name="libs.j2me_ant_ext.maven-pom" value="" />
    <property name="sun.cpu.isalist" value="" />
    <property name="libs.CopyLibs.javadoc" value="" />
    <property name="profiler.settings.n.profiled.threads.limit" value="32" />
    <property name="org.openide.specification.version" value="6.2" />
    <property name="libs.hibernate-support.classpath" value="/home/edemairy/netbeans-7.1/java/modules/ext/hibernate/antlr-2.7.6.jar:/home/edemairy/netbeans-7.1/java/modules/ext/hibernate/asm.jar:/home/edemairy/netbeans-7.1/java/modules/ext/hibernate/asm-attrs.jar:/home/edemairy/netbeans-7.1/java/modules/ext/hibernate/cglib-2.1.3.jar:/home/edemairy/netbeans-7.1/java/modules/ext/hibernate/commons-collections-2.1.1.jar:/home/edemairy/netbeans-7.1/ide/modules/org-apache-commons-logging.jar:/home/edemairy/netbeans-7.1/java/modules/ext/hibernate/dom4j-1.6.1.jar:/home/edemairy/netbeans-7.1/java/modules/ext/hibernate/ehcache-1.2.3.jar:/home/edemairy/netbeans-7.1/java/modules/ext/hibernate/jdbc2_0-stdext.jar:/home/edemairy/netbeans-7.1/java/modules/ext/hibernate/jta.jar:/home/edemairy/netbeans-7.1/java/modules/ext/hibernate/hibernate3.jar:/home/edemairy/netbeans-7.1/java/modules/ext/hibernate/hibernate-tools.jar:/home/edemairy/netbeans-7.1/java/modules/ext/hibernate/hibernate-annotations.jar:/home/edemairy/netbeans-7.1/java/modules/ext/hibernate/hibernate-commons-annotations.jar:/home/edemairy/netbeans-7.1/java/modules/ext/hibernate/hibernate-entitymanager.jar:/home/edemairy/netbeans-7.1/java/modules/ext/hibernate/javassist.jar" />
    <property name="libs.DataBindingME-PIM.classpath" value="/home/edemairy/netbeans-7.1/mobility/modules/ext/netbeans_databindingme_pim.jar" />
    <property name="user.home" value="/user/edemairy/home" />
    <property name="annotation.processing.processors.list" value="" />
    <property name="debug-args-line" value="-Xdebug" />
    <property name="libs.primefaces.maven-pom" value="" />
    <property name="libs.NetBeans MIDP Components.classpath" value="/home/edemairy/netbeans-7.1/mobility/modules/ext/netbeans_midp_components_basic.jar" />
    <property name="libs.javaee-api-6.0.maven-pom" value="" />
    <property name="libs.JWSAntTasks.src" value="" />
    <property name="libs.CopyLibs.maven-pom" value="" />
    <property name="jar.index" value="false" />
    <property name="libs.absolutelayout.javadoc" value="" />
    <property name="libs.spring-framework300.javadoc" value="" />
    <property name="libs.hibernate-persistence.maven-pom" value="" />
    <property name="java.specification.name" value="Java Platform API Specification" />
    <property name="guice.disable.misplaced.annotation.check" value="true" />
    <property name="nbplatform.Gephi_0.8_beta.harness.dir" value="/home/edemairy/netbeans-7.1/harness" />
    <property name="libs.NetBeans MIDP Components WMA.classpath" value="/home/edemairy/netbeans-7.1/mobility/modules/ext/netbeans_midp_components_wma.jar" />
    <property name="libs.jakarta_slide_ant_webdav.maven-pom" value="" />
    <property name="do.archive+main.class.available" value="true" />
    <property name="profiler.settings.threads.monitoring.enabled" value="false" />
    <property name="platforms.JDK_1.7-i686.javafx.sdk.home" value="/user/edemairy/home/Documents/javafx-sdk2.1.0-beta" />
    <property name="libs.sjmc-ant-utils.src" value="" />
    <property name="java.specification.vendor" value="Oracle Corporation" />
    <property name="libs.cdc-agui-swing-layout.javadoc" value="" />
    <property name="libs.javac-api.classpath" value="/home/edemairy/netbeans-7.1/java/modules/ext/javac-api-nb-7.0-b07.jar" />
    <property name="java.version" value="1.7.0" />
    <property name="libs.nokiaS80-ant-utils.classpath" value="/home/edemairy/netbeans-7.1/mobility/modules/ext/org-netbeans-modules-j2me-cdc-project-nokiaS80.jar" />
    <property name="libs.NetBeans MIDP Components WMA.javadoc" value="/home/edemairy/netbeans-7.1/mobility/modules/docs/netbeans_midp_components_wma-api.zip" />
    <property name="javadoc.version" value="false" />
    <property name="libs.MySQLDriver.javadoc" value="" />
    <property name="org.openide.version" value="deprecated" />
    <property name="libs.restlib_gfv3ee6.maven-pom" value="" />
    <property name="source.encoding" value="UTF-8" />
    <property name="ap.cmd.line.internal" value="" />
    <property name="libs.eclipselinkmodelgen.maven-pom" value="" />
    <property name="libs.jsp-compilation-syscp.javadoc" value="" />
    <property name="libs.junit.maven-pom" value="" />
    <property name="libs.eclipselinkmodelgen.javadoc" value="" />
    <property name="libs.metro.javadoc" value="/home/edemairy/netbeans-7.1/enterprise/docs/metro-1.4-doc.zip" />
    <property name="libs.struts.maven-pom" value="" />
    <property name="netbeans.home+have.tests" value="true" />
    <property name="profiler.info.jvm" value="/usr/lib/jvm/java/bin/java" />
    <property name="annotation.processing.processor.options" value="" />
    <property name="libs.jaxb.src" value="" />
    <property name="libs.Java-EE-GlassFish-v3.wsgenerate" value="" />
    <property name="libs.cdc-ant-utils.src" value="" />
    <property name="work.dir" value="/home/edemairy/Documents/Personnel/UVa/WhatGoesUp" />
    <property name="libs.jaxb.classpath" value="/home/edemairy/netbeans-7.1/ide/modules/ext/jaxb/jaxb-impl.jar:/home/edemairy/netbeans-7.1/ide/modules/ext/jaxb/jaxb-xjc.jar:/home/edemairy/netbeans-7.1/ide/modules/ext/jaxb/jaxb1-impl.jar:/home/edemairy/netbeans-7.1/ide/modules/ext/jaxb/activation.jar:/home/edemairy/netbeans-7.1/ide/modules/ext/jaxb/api/jaxb-api.jar:/home/edemairy/netbeans-7.1/ide/modules/ext/jaxb/api/jsr173_api.jar" />
    <property name="do.depend" value="false" />
    <property name="dist.javadoc.dir" value="dist/javadoc" />
    <property name="libs.swing-layout.classpath" value="/home/edemairy/netbeans-7.1/platform/modules/ext/swing-layout-1.0.4.jar" />
    <property name="libs.spring-webmvc3.0.classpath" value="/home/edemairy/netbeans-7.1/java/modules/ext/spring-3.0/spring-webmvc-3.0.6.RELEASE.jar" />
    <property name="libs.restlib.src" value="" />
    <property name="build.generated.dir" value="build/generated" />
    <property name="javac.source" value="1.7" />
    <property name="profiler.info.dir" value="/home/edemairy/Documents/Personnel/UVa/WhatGoesUp" />
    <property name="libs.hibernate-persistence.src" value="" />
    <property name="profiler.session.working.dir" value="/home/edemairy/Documents" />
    <property name="line.separator" value="&#xa;" />
    <property name="profiler.settings.cpu.quick.filterprofiler.simple.filter.name" value="Quick filter..." />
    <property name="nbplatform.Gephi_0.8_beta_-_/opt.label" value="Gephi 0.8 beta - /opt" />
    <property name="libs.nb_svg_midp_components.javadoc" value="/home/edemairy/netbeans-7.1/mobility/modules/docs/nb_svg_midp_components-api.zip" />
    <property name="java.specification.version" value="1.7" />
    <property name="libs.jaxws21.maven-pom" value="" />
    <property name="java.vm.info" value="mixed mode" />
    <property name="libs.cdc-ant-utils.javadoc" value="" />
    <property name="libs.ojec-ant-utils.classpath" value="/home/edemairy/netbeans-7.1/mobility/modules/ext/org-netbeans-modules-j2me-cdc-project-ojec.jar" />
    <property name="libs.spring-framework.maven-pom" value="" />
    <property name="sun.boot.class.path" value="/usr/lib/jvm/jdk1.7.0/jre/lib/resources.jar:/usr/lib/jvm/jdk1.7.0/jre/lib/rt.jar:/usr/lib/jvm/jdk1.7.0/jre/lib/sunrsasign.jar:/usr/lib/jvm/jdk1.7.0/jre/lib/jsse.jar:/usr/lib/jvm/jdk1.7.0/jre/lib/jce.jar:/usr/lib/jvm/jdk1.7.0/jre/lib/charsets.jar:/usr/lib/jvm/jdk1.7.0/jre/classes:/home/edemairy/netbeans-7.1/profiler/lib/jfluid-server.jar:/home/edemairy/netbeans-7.1/profiler/lib/jfluid-server-15.jar" />
    <property name="javac.target" value="1.7" />
    <property name="built-jar.properties" value="/home/edemairy/Documents/Personnel/UVa/WhatGoesUp/build/built-jar.properties" />
    <property name="build.test.classes.dir" value="build/test/classes" />
    <property name="src.dir" value="src" />
    <property name="annotation.processing.enabled" value="true" />
    <property name="libs.jsf20.src" value="" />
    <property name="profiler.settings.instrument.method.invoke" value="true" />
    <property name="libs.DataBindingME-SVG.maven-pom" value="" />
    <property name="libs.jsf12.src" value="" />
    <property name="libs.nokiadeployment.src" value="" />
    <property name="libs.savaje-ant-utils.javadoc" value="" />
    <property name="nbplatform.default.netbeans.dest.dir" value="/home/edemairy/netbeans-7.1" />
    <property name="libs.struts.javadoc" value="/home/edemairy/netbeans-7.1/enterprise/docs/struts-1.3.10-javadoc.zip" />
    <property name="libs.cdc-ant-utils.maven-pom" value="" />
    <property name="libs.Comet-GlassFish-v3.classpath" value="/home/edemairy/glassfish-3.1.1/glassfish/modules/grizzly-comet.jar" />
    <property name="libs.restlib_gfv3ee6.javadoc" value="/home/edemairy/netbeans-7.1/enterprise/docs/jsr311-api-1.1.1-javadoc.zip" />
    <property name="profiler.settings.override.working.dir" value="" />
    <property name="libs.primefaces.src" value="" />
    <property name="libs.cdc-agui-swing-layout.classpath" value="/home/edemairy/netbeans-7.1/mobility/modules/ext/cdc-agui-swing-layout.jar" />
    <property name="libs.JAX-WS-ENDORSED.javadoc" value="" />
    <property name="profiler.settings.istrument.getter.setter.methods" value="false" />
    <property name="platforms.JDK_1.7-i686.javafx.javadoc" value="/user/edemairy/home/Documents/android-sdk-linux/docs" />
    <property name="dist.dir" value="dist" />
    <property name="libs.groovy-all.javadoc" value="" />
    <property name="do.archive+manifest.available+main.class" value="true" />
    <property name="securerandom.source" value="file:/dev/./urandom" />
    <property name="profiler.session.class.name" value="Main" />
    <property name="profiler.settings.profile.underlying.framework" value="false" />
    <property name="libs.groovy-all.classpath" value="/home/edemairy/netbeans-7.1/groovy/modules/ext/groovy-all.jar" />
    <property name="javac.fork" value="false" />
    <property name="libs.sjmc-ant-utils.classpath" value="/home/edemairy/netbeans-7.1/mobility/modules/ext/org-netbeans-modules-j2me-cdc-project-sjmc.jar" />
    <property name="java.awt.printerjob" value="sun.print.PSPrinterJob" />
    <property name="libs.JMUnit4CLDC10.classpath" value="/home/edemairy/netbeans-7.1/mobility/modules/ext/jmunit4cldc10-1.2.1.jar" />
    <property name="default.javac.source" value="1.7" />
    <property name="profiler.session.java.version" value="jdk17" />
    <property name="platforms.JDK_1.7.compiler" value="modern" />
    <property name="debug-transport-by-os" value="dt_socket" />
    <property name="libs.MySQLDriver.src" value="" />
    <property name="sun.jnu.encoding" value="UTF-8" />
    <property name="platforms.JDK_1.7.bootclasspath" value="/usr/lib/jvm/jdk1.7.0/jre/lib/resources.jar:/usr/lib/jvm/jdk1.7.0/jre/lib/rt.jar:/usr/lib/jvm/jdk1.7.0/jre/lib/sunrsasign.jar:/usr/lib/jvm/jdk1.7.0/jre/lib/jsse.jar:/usr/lib/jvm/jdk1.7.0/jre/lib/jce.jar:/usr/lib/jvm/jdk1.7.0/jre/lib/charsets.jar:/usr/lib/jvm/jdk1.7.0/jre/classes:/usr/lib/jvm/jdk1.7.0/jre/lib/ext/sunec.jar:/usr/lib/jvm/jdk1.7.0/jre/lib/ext/zipfs.jar:/usr/lib/jvm/jdk1.7.0/jre/lib/ext/dnsns.jar:/usr/lib/jvm/jdk1.7.0/jre/lib/ext/sunjce_provider.jar:/usr/lib/jvm/jdk1.7.0/jre/lib/ext/sunpkcs11.jar:/usr/lib/jvm/jdk1.7.0/jre/lib/ext/localedata.jar" />
    <property name="libs.ant-contrib.maven-pom" value="" />
    <property name="libs.nokiadeployment.javadoc" value="" />
    <property name="profiler.settings.obj.alloc.stack.sampling.depth" value="0" />
    <property name="build.test.results.dir" value="build/test/results" />
    <property name="java.runtime.version" value="1.7.0-b147" />
    <property name="libs.ejb3-persistence.javadoc" value="" />
    <property name="libs.NetBeans MIDP Components.src" value="/home/edemairy/netbeans-7.1/mobility/sources/netbeans_midp_components_basic-src.zip" />
    <property name="jna.platform.library.path" value="/usr/lib64:/lib64" />
    <property name="manifest.available+main.class+mkdist.available" value="true" />
    <property name="libs.sjmc-ant-utils.javadoc" value="" />
    <property name="profiler.session.class.path" value=":build/classes" />
    <property name="default.javac.target" value="1.7" />
    <property name="libs.Java-EE-GlassFish-v3.src" value="" />
    <property name="libs.junit_4.classpath" value="/home/edemairy/netbeans-7.1/platform/modules/ext/junit-4.10.jar" />
    <property name="user.timezone" value="Europe/Paris" />
    <property name="libs.ant-contrib.src" value="" />
    <property name="libs.javaee-endorsed-api-6.0.maven-pom" value="" />
    <property name="netbeans.dirs" value="/home/edemairy/netbeans-7.1/nb:/home/edemairy/netbeans-7.1/ergonomics:/home/edemairy/netbeans-7.1/ide:/home/edemairy/netbeans-7.1/java:/home/edemairy/netbeans-7.1/apisupport:/home/edemairy/netbeans-7.1/bin/../webcommon:/home/edemairy/netbeans-7.1/websvccommon:/home/edemairy/netbeans-7.1/enterprise:/home/edemairy/netbeans-7.1/mobility:/home/edemairy/netbeans-7.1/profiler:/home/edemairy/netbeans-7.1/bin/../python:/home/edemairy/netbeans-7.1/php:/home/edemairy/netbeans-7.1/bin/../identity:/home/edemairy/netbeans-7.1/harness:/home/edemairy/netbeans-7.1/cnd:/home/edemairy/netbeans-7.1/dlight:/home/edemairy/netbeans-7.1/groovy:/home/edemairy/netbeans-7.1/bin/../extra:/home/edemairy/netbeans-7.1/bin/../javacard:/home/edemairy/netbeans-7.1/javafx:" />
    <property name="libs.jsf20.javadoc" value="/home/edemairy/netbeans-7.1/enterprise/docs/javaee6-doc-api.zip" />
    <property name="libs.restlib_gfv3ee6.src" value="" />
    <property name="java.ext.dirs" value="/usr/lib/jvm/jdk1.7.0/jre/lib/ext:/usr/java/packages/lib/ext" />
    <property name="libs.metro.src" value="" />
    <property name="libs.semc-ant-utils.src" value="" />
    <property name="libs.savaje-ant-utils.maven-pom" value="" />
    <property name="libs.absolutelayout.classpath" value="/home/edemairy/netbeans-7.1/java/modules/ext/AbsoluteLayout.jar" />
    <property name="excludes" value="" />
    <property name="platforms.JDK_1.6.bootclasspath" value="/usr/lib/jvm/java-1.6.0/jre/lib/resources.jar:/usr/lib/jvm/java-1.6.0/jre/lib/rt.jar:/usr/lib/jvm/java-1.6.0/jre/lib/sunrsasign.jar:/usr/lib/jvm/java-1.6.0/jre/lib/jsse.jar:/usr/lib/jvm/java-1.6.0/jre/lib/jce.jar:/usr/lib/jvm/java-1.6.0/jre/lib/charsets.jar:/usr/lib/jvm/java-1.6.0/jre/lib/netx.jar:/usr/lib/jvm/java-1.6.0/jre/lib/plugin.jar:/usr/lib/jvm/java-1.6.0/jre/lib/rhino.jar:/usr/lib/jvm/java-1.6.0/jre/lib/modules/jdk.boot.jar:/usr/lib/jvm/java-1.6.0/jre/classes:/usr/lib/jvm/java-1.6.0/jre/lib/ext/pulse-java.jar:/usr/lib/jvm/java-1.6.0/jre/lib/ext/dnsns.jar:/usr/lib/jvm/java-1.6.0/jre/lib/ext/sunjce_provider.jar:/usr/lib/jvm/java-1.6.0/jre/lib/ext/gnome-java-bridge.jar:/usr/lib/jvm/java-1.6.0/jre/lib/ext/sunpkcs11.jar:/usr/lib/jvm/java-1.6.0/jre/lib/ext/localedata.jar" />
    <property name="libs.metro.classpath" value="/home/edemairy/netbeans-7.1/ide/modules/ext/jaxb/activation.jar:/home/edemairy/netbeans-7.1/enterprise/modules/ext/metro/webservices-api.jar:/home/edemairy/netbeans-7.1/enterprise/modules/ext/metro/webservices-extra-api.jar:/home/edemairy/netbeans-7.1/enterprise/modules/ext/metro/webservices-extra.jar:/home/edemairy/netbeans-7.1/enterprise/modules/ext/metro/webservices-rt.jar:/home/edemairy/netbeans-7.1/enterprise/modules/ext/metro/webservices-tools.jar" />
    <property name="libs.restlib.maven-pom" value="" />
    <property name="libs.DataBindingME.javadoc" value="/home/edemairy/netbeans-7.1/mobility/modules/docs/netbeans_databindingme-api.zip" />
    <property name="apple.laf.useScreenMenuBar" value="true" />
    <property name="java.class.path" value="/home/edemairy/Documents/Personnel/UVa/WhatGoesUp/build/classes:/home/edemairy/netbeans-7.1/platform/modules/ext/junit-4.10.jar:/home/edemairy/Documents/Personnel/UVa/WhatGoesUp/build/test/classes:/usr/share/java/jython.jar:/home/edemairy/netbeans-7.1/java/ant/lib/ant-launcher.jar:/home/edemairy/netbeans-7.1/java/ant/lib/ant.jar:/home/edemairy/netbeans-7.1/java/ant/lib/ant-junit.jar:/home/edemairy/netbeans-7.1/java/ant/lib/ant-junit4.jar" />
    <property name="do.mkdist" value="true" />
    <property name="libs.absolutelayout.src" value="" />
    <property name="profiler.settings.instrument.empty.methods" value="false" />
    <property name="libs.cdc-pp-awt-layout.maven-pom" value="" />
    <property name="os.version" value="3.2.9-1.fc16.x86_64" />
    <property name="application.args" value="" />
    <property name="libs.EclipseLink-GlassFish-v3.javadoc" value="/home/edemairy/netbeans-7.1/enterprise/docs/javaee6-doc-api.zip" />
    <property name="profiler.settings.threads.sampling.enabled" value="true" />
    <property name="libs.JMUnit4CLDC11.maven-pom" value="" />
    <property name="main.class.available" value="true" />
    <property name="sun.awt.enableExtraMouseButtons" value="true" />
    <property name="profiler.session.java.executable" value="/usr/lib/jvm/java/bin/java" />
    <property name="libs.toplink.javadoc" value="" />
    <property name="libs.nb_svg_midp_components.maven-pom" value="" />
    <property name="ant.file.WhatGoesUp" value="/home/edemairy/Documents/Personnel/UVa/WhatGoesUp/build.xml" />
    <property name="libs.Comet-GlassFish-v3.src" value="" />
    <property name="libs.restlib.javadoc" value="/home/edemairy/netbeans-7.1/enterprise/docs/jersey-1.8-javadoc.zip:/home/edemairy/netbeans-7.1/enterprise/docs/jersey-apache-client-1.8-javadoc.zip:/home/edemairy/netbeans-7.1/enterprise/docs/jersey-atom-abdera-1.8-javadoc.zip:/home/edemairy/netbeans-7.1/enterprise/docs/jersey-guice-1.8-javadoc.zip:/home/edemairy/netbeans-7.1/enterprise/docs/jersey-multipart-1.8-javadoc.zip:/home/edemairy/netbeans-7.1/enterprise/docs/jersey-simple-server-1.8-javadoc.zip:/home/edemairy/netbeans-7.1/enterprise/docs/jersey-spring-1.8-javadoc.zip:/home/edemairy/netbeans-7.1/enterprise/docs/oauth-client-1.8-javadoc.zip:/home/edemairy/netbeans-7.1/enterprise/docs/oauth-server-1.8-javadoc.zip:/home/edemairy/netbeans-7.1/enterprise/docs/oauth-signature-1.8-javadoc.zip" />
    <property name="libs.NetBeans MIDP Components PDA.maven-pom" value="" />
    <property name="libs.JAXB-ENDORSED.classpath" value="/home/edemairy/netbeans-7.1/ide/modules/ext/jaxb/api/jaxb-api.jar" />
    <property name="libs.eclipselink.classpath" value="/home/edemairy/netbeans-7.1/java/modules/ext/eclipselink/eclipselink-2.3.0.jar:/home/edemairy/netbeans-7.1/java/modules/ext/eclipselink/javax.persistence-2.0.jar:/home/edemairy/netbeans-7.1/java/modules/ext/eclipselink/org.eclipse.persistence.jpa.jpql_1.0.0.jar" />
    <property name="profiler.settings.settings.name" value="Analyze Performance" />
    <property name="java.awt.graphicsenv" value="sun.awt.X11GraphicsEnvironment" />
    <property name="libs.beans-binding.javadoc" value="/home/edemairy/netbeans-7.1/java/docs/beansbinding-1.2.1-doc.zip" />
    <property name="libs.Java-EE-GlassFish-v3.classpath" value="/home/edemairy/glassfish-3.1.1/glassfish/modules/javax.management.j2ee.jar:/home/edemairy/glassfish-3.1.1/glassfish/modules/endorsed/jaxb-api-osgi.jar:/home/edemairy/glassfish-3.1.1/glassfish/modules/jaxb-osgi.jar:/home/edemairy/glassfish-3.1.1/glassfish/modules/jsf-api.jar:/home/edemairy/glassfish-3.1.1/glassfish/modules/javax.servlet.jar:/home/edemairy/glassfish-3.1.1/glassfish/modules/javax.jms.jar:/home/edemairy/glassfish-3.1.1/glassfish/modules/javax.servlet.jsp.jar:/home/edemairy/glassfish-3.1.1/mq/lib/jaxm-api.jar:/home/edemairy/glassfish-3.1.1/glassfish/modules/endorsed/webservices-api-osgi.jar:/home/edemairy/glassfish-3.1.1/glassfish/modules/webservices-osgi.jar:/home/edemairy/glassfish-3.1.1/glassfish/modules/jstl-impl.jar:/home/edemairy/glassfish-3.1.1/glassfish/modules/javax.security.jacc.jar:/home/edemairy/glassfish-3.1.1/glassfish/modules/endorsed/javax.annotation.jar:/home/edemairy/glassfish-3.1.1/glassfish/modules/javax.mail.jar:/home/edemairy/glassfish-3.1.1/glassfish/modules/bean-validator.jar:/home/edemairy/glassfish-3.1.1/glassfish/modules/javax.ejb.jar:/home/edemairy/glassfish-3.1.1/glassfish/modules/javax.servlet.jsp.jstl.jar:/home/edemairy/glassfish-3.1.1/glassfish/modules/jsf-impl.jar:/home/edemairy/glassfish-3.1.1/glassfish/modules/javax.enterprise.deploy.jar:/home/edemairy/glassfish-3.1.1/glassfish/modules/weld-osgi-bundle.jar:/home/edemairy/glassfish-3.1.1/glassfish/modules/javax.persistence.jar:/home/edemairy/glassfish-3.1.1/glassfish/modules/jersey-core.jar:/home/edemairy/glassfish-3.1.1/glassfish/modules/javax.resource.jar:/home/edemairy/glassfish-3.1.1/glassfish/modules/javax.transaction.jar:/home/edemairy/glassfish-3.1.1/glassfish/modules/javax.security.auth.message.jar:/home/edemairy/glassfish-3.1.1/glassfish/modules/web-core.jar:/home/edemairy/glassfish-3.1.1/glassfish/modules/jackson-core-asl.jar:/home/edemairy/glassfish-3.1.1/glassfish/modules/jackson-jaxrs.jar:/home/edemairy/glassfish-3.1.1/glassfish/modules/jackson-mapper-asl.jar:/home/edemairy/glassfish-3.1.1/glassfish/modules/jersey-client.jar:/home/edemairy/glassfish-3.1.1/glassfish/modules/jersey-core.jar:/home/edemairy/glassfish-3.1.1/glassfish/modules/jersey-gf-server.jar:/home/edemairy/glassfish-3.1.1/glassfish/modules/jersey-json.jar:/home/edemairy/glassfish-3.1.1/glassfish/modules/jersey-multipart.jar:/home/edemairy/glassfish-3.1.1/glassfish/modules/jettison.jar:/home/edemairy/glassfish-3.1.1/glassfish/modules/mimepull.jar" />
    <property name="profiler.info.jvmargs.agent" value="-agentpath:/home/edemairy/netbeans-7.1/profiler/lib/deployed/jdk16/linux-amd64/libprofilerinterface.so=/home/edemairy/netbeans-7.1/profiler/lib,5140,10" />
    <property name="java.vm.vendor" value="Oracle Corporation" />
    <property name="libs.CopyLibs.classpath" value="/home/edemairy/netbeans-7.1/java/ant/extra/org-netbeans-modules-java-j2seproject-copylibstask.jar" />
    <property name="libs.spring-framework300.classpath" value="/home/edemairy/netbeans-7.1/ide/modules/org-apache-commons-logging.jar:/home/edemairy/netbeans-7.1/java/modules/ext/cglib-2.2.jar:/home/edemairy/netbeans-7.1/java/modules/ext/spring-3.0/spring-aop-3.0.6.RELEASE.jar:/home/edemairy/netbeans-7.1/java/modules/ext/spring-3.0/spring-asm-3.0.6.RELEASE.jar:/home/edemairy/netbeans-7.1/java/modules/ext/spring-3.0/spring-aspects-3.0.6.RELEASE.jar:/home/edemairy/netbeans-7.1/java/modules/ext/spring-3.0/spring-beans-3.0.6.RELEASE.jar:/home/edemairy/netbeans-7.1/java/modules/ext/spring-3.0/spring-context-3.0.6.RELEASE.jar:/home/edemairy/netbeans-7.1/java/modules/ext/spring-3.0/spring-context-support-3.0.6.RELEASE.jar:/home/edemairy/netbeans-7.1/java/modules/ext/spring-3.0/spring-core-3.0.6.RELEASE.jar:/home/edemairy/netbeans-7.1/java/modules/ext/spring-3.0/spring-expression-3.0.6.RELEASE.jar:/home/edemairy/netbeans-7.1/java/modules/ext/spring-3.0/spring-instrument-3.0.6.RELEASE.jar:/home/edemairy/netbeans-7.1/java/modules/ext/spring-3.0/spring-instrument-tomcat-3.0.6.RELEASE.jar:/home/edemairy/netbeans-7.1/java/modules/ext/spring-3.0/spring-jdbc-3.0.6.RELEASE.jar:/home/edemairy/netbeans-7.1/java/modules/ext/spring-3.0/spring-jms-3.0.6.RELEASE.jar:/home/edemairy/netbeans-7.1/java/modules/ext/spring-3.0/spring-orm-3.0.6.RELEASE.jar:/home/edemairy/netbeans-7.1/java/modules/ext/spring-3.0/spring-oxm-3.0.6.RELEASE.jar:/home/edemairy/netbeans-7.1/java/modules/ext/spring-3.0/spring-test-3.0.6.RELEASE.jar:/home/edemairy/netbeans-7.1/java/modules/ext/spring-3.0/spring-tx-3.0.6.RELEASE.jar:/home/edemairy/netbeans-7.1/java/modules/ext/spring-3.0/spring-web-3.0.6.RELEASE.jar:/home/edemairy/netbeans-7.1/java/modules/ext/spring-3.0/spring-webmvc-portlet-3.0.6.RELEASE.jar:/home/edemairy/netbeans-7.1/java/modules/ext/spring-3.0/spring-webmvc-3.0.6.RELEASE.jar:/home/edemairy/netbeans-7.1/java/modules/ext/spring-3.0/spring-struts-3.0.6.RELEASE.jar" />
    <property name="libs.jsp-compiler.maven-pom" value="" />
    <property name="libs.Java-EE-GlassFish-v3.wsinterop" value="" />
    <property name="libs.spring-webmvc.maven-pom" value="" />
    <property name="run.jvmargs" value="" />
    <property name="libs.ejb3-persistence.classpath" value="/home/edemairy/netbeans-7.1/java/modules/ext/hibernate/ejb3-persistence.jar" />
    <property name="libs.spring-framework.javadoc" value="" />
    <property name="libs.JAXB-ENDORSED.src" value="" />
    <property name="libs.DataBindingME-PIM.src" value="/home/edemairy/netbeans-7.1/mobility/sources/netbeans_databindingme_pim-src.zip" />
    <property name="libs.PostgreSQLDriver.classpath" value="/home/edemairy/netbeans-7.1/ide/modules/ext/postgresql-8.3-603.jdbc3.jar" />
    <property name="libs.jsf12.maven-pom" value="" />
    <property name="libs.junit.src" value="" />
    <property name="annotation.processing.source.output" value="build/generated-sources/ap-source-output" />
    <property name="main.class" value="Main" />
    <property name="build.dir" value="build" />
    <property name="libs.CopyLibs.src" value="" />
    <property name="libs.jsp-compilation.classpath" value="/home/edemairy/netbeans-7.1/java/ant/lib/ant.jar:/home/edemairy/netbeans-7.1/enterprise/modules/ext/servlet3.0-jsp2.2-api.jar:/home/edemairy/netbeans-7.1/enterprise/modules/ext/glassfish-jspparser-3.0.jar:/home/edemairy/netbeans-7.1/enterprise/modules/ext/jsf-2_1/jsf-api.jar:/home/edemairy/netbeans-7.1/enterprise/modules/ext/jstl.jar:/home/edemairy/netbeans-7.1/java/ant/lib/ant-launcher.jar" />
    <property name="nbplatform.Gephi_0.8_beta.label" value="Gephi 0.8 beta" />
    <property name="ant.version" value="Apache Ant(TM) version 1.8.2 compiled on December 20 2010" />
    <property name="nbplatform.Gephi_0.8_beta.netbeans.dest.dir" value="/user/edemairy/home/Documents/gephi-0.8-beta" />
    <property name="file.encoding" value="UTF-8" />
    <property name="build.classes.excludes" value="**/*.java,**/*.form" />
    <property name="javadoc.nonavbar" value="false" />
    <property name="jdkBug6558476" value="false" />
    <property name="platform.active" value="default_platform" />
    <property name="profiler.settings.cpu.profiling.type" value="0" />
    <property name="awt.toolkit" value="sun.awt.X11.XToolkit" />
  </properties>
  <testcase classname="MainTest" name="testInput1" time="0.122" />
  <system-out><![CDATA[]]></system-out>
  <system-err><![CDATA[4
-
-7
2
3
8

]]></system-err>
</testsuite>
